2023-08-03 15:22:12 INFO  Amazon_Web_Application:30 - Browser Launch
2023-08-03 15:22:25 INFO  Amazon_Web_Application:38 - Login
2023-08-03 15:22:32 INFO  Amazon_Web_Application:52 - Search Box
2023-08-03 15:22:56 INFO  Amazon_Web_Application:74 - Results Page
2023-08-03 15:23:09 INFO  Amazon_Web_Application:84 - Product Page
2023-08-03 15:23:16 INFO  Amazon_Web_Application:98 - ScreenShot
2023-08-03 15:23:21 INFO  Amazon_Web_Application:104 - Add To Cart
2023-08-03 15:23:22 INFO  Amazon_Web_Application:108 - Shopping Cart
2023-08-03 15:24:24 INFO  Amazon_Web_Application:30 - Browser Launch
2023-08-03 15:24:31 INFO  Amazon_Web_Application:38 - Login
2023-08-03 15:24:37 INFO  Amazon_Web_Application:52 - Search Box
2023-08-03 15:24:57 INFO  Amazon_Web_Application:74 - Results Page
2023-08-03 15:25:05 INFO  Amazon_Web_Application:84 - Product Page
2023-08-03 15:25:12 INFO  Amazon_Web_Application:98 - ScreenShot
2023-08-03 15:25:15 INFO  Amazon_Web_Application:104 - Add To Cart
2023-08-03 15:25:18 INFO  Amazon_Web_Application:108 - Shopping Cart
2023-08-03 15:51:49 INFO  Amazon_Web_Application:33 - Browser Launch
2023-08-03 15:51:54 INFO  Amazon_Web_Application:41 - Login
2023-08-03 15:52:00 INFO  Amazon_Web_Application:55 - Search Box
2023-08-03 15:52:15 INFO  Amazon_Web_Application:77 - Results Page
2023-08-03 15:52:27 INFO  Amazon_Web_Application:87 - Product Page
2023-08-03 15:52:34 INFO  Amazon_Web_Application:101 - ScreenShot
2023-08-03 15:52:39 INFO  Amazon_Web_Application:107 - Add To Cart
2023-08-03 15:52:41 INFO  Amazon_Web_Application:111 - Shopping Cart
